Determining if the function kstat_lookup exists in the kstat failed with the following output:
Change Dir: /Users/ghostec/code/film-client/build/CMakeFiles/CMakeTmp

Run Build Command:"/usr/bin/make" "cmTC_fc19a/fast"
/Applications/Xcode.app/Contents/Developer/usr/bin/make -f CMakeFiles/cmTC_fc19a.dir/build.make CMakeFiles/cmTC_fc19a.dir/build
Building C object CMakeFiles/cmTC_fc19a.dir/CheckFunctionExists.c.o
/Applications/Xcode.app/Contents/Developer/Toolchains/XcodeDefault.xctoolchain/usr/bin/cc    -DCHECK_FUNCTION_EXISTS=kstat_lookup   -o CMakeFiles/cmTC_fc19a.dir/CheckFunctionExists.c.o   -c /usr/local/Cellar/cmake/3.7.1/share/cmake/Modules/CheckFunctionExists.c
Linking C executable cmTC_fc19a
/usr/local/Cellar/cmake/3.7.1/bin/cmake -E cmake_link_script CMakeFiles/cmTC_fc19a.dir/link.txt --verbose=1
/Applications/Xcode.app/Contents/Developer/Toolchains/XcodeDefault.xctoolchain/usr/bin/cc   -DCHECK_FUNCTION_EXISTS=kstat_lookup -Wl,-search_paths_first -Wl,-headerpad_max_install_names   CMakeFiles/cmTC_fc19a.dir/CheckFunctionExists.c.o  -o cmTC_fc19a  -L/Users/ghostec/code/film-client/build/CMakeFiles/CMakeTmp/kstat.h -Wl,-rpath,/Users/ghostec/code/film-client/build/CMakeFiles/CMakeTmp/kstat.h -lkstat 
ld: warning: directory not found for option '-L/Users/ghostec/code/film-client/build/CMakeFiles/CMakeTmp/kstat.h'
ld: library not found for -lkstat
clang: error: linker command failed with exit code 1 (use -v to see invocation)
make[1]: *** [cmTC_fc19a] Error 1
make: *** [cmTC_fc19a/fast] Error 2


Determining if the function kvm_open exists in the kvm failed with the following output:
Change Dir: /Users/ghostec/code/film-client/build/CMakeFiles/CMakeTmp

Run Build Command:"/usr/bin/make" "cmTC_d83cd/fast"
/Applications/Xcode.app/Contents/Developer/usr/bin/make -f CMakeFiles/cmTC_d83cd.dir/build.make CMakeFiles/cmTC_d83cd.dir/build
Building C object CMakeFiles/cmTC_d83cd.dir/CheckFunctionExists.c.o
/Applications/Xcode.app/Contents/Developer/Toolchains/XcodeDefault.xctoolchain/usr/bin/cc    -DCHECK_FUNCTION_EXISTS=kvm_open   -o CMakeFiles/cmTC_d83cd.dir/CheckFunctionExists.c.o   -c /usr/local/Cellar/cmake/3.7.1/share/cmake/Modules/CheckFunctionExists.c
Linking C executable cmTC_d83cd
/usr/local/Cellar/cmake/3.7.1/bin/cmake -E cmake_link_script CMakeFiles/cmTC_d83cd.dir/link.txt --verbose=1
/Applications/Xcode.app/Contents/Developer/Toolchains/XcodeDefault.xctoolchain/usr/bin/cc   -DCHECK_FUNCTION_EXISTS=kvm_open -Wl,-search_paths_first -Wl,-headerpad_max_install_names   CMakeFiles/cmTC_d83cd.dir/CheckFunctionExists.c.o  -o cmTC_d83cd  -L/Users/ghostec/code/film-client/build/CMakeFiles/CMakeTmp/kvm.h -Wl,-rpath,/Users/ghostec/code/film-client/build/CMakeFiles/CMakeTmp/kvm.h -lkvm 
ld: warning: directory not found for option '-L/Users/ghostec/code/film-client/build/CMakeFiles/CMakeTmp/kvm.h'
ld: library not found for -lkvm
clang: error: linker command failed with exit code 1 (use -v to see invocation)
make[1]: *** [cmTC_d83cd] Error 1
make: *** [cmTC_d83cd/fast] Error 2


Determining if the function gethostbyname exists in the nsl failed with the following output:
Change Dir: /Users/ghostec/code/film-client/build/CMakeFiles/CMakeTmp

Run Build Command:"/usr/bin/make" "cmTC_4232b/fast"
/Applications/Xcode.app/Contents/Developer/usr/bin/make -f CMakeFiles/cmTC_4232b.dir/build.make CMakeFiles/cmTC_4232b.dir/build
Building C object CMakeFiles/cmTC_4232b.dir/CheckFunctionExists.c.o
/Applications/Xcode.app/Contents/Developer/Toolchains/XcodeDefault.xctoolchain/usr/bin/cc    -DCHECK_FUNCTION_EXISTS=gethostbyname   -o CMakeFiles/cmTC_4232b.dir/CheckFunctionExists.c.o   -c /usr/local/Cellar/cmake/3.7.1/share/cmake/Modules/CheckFunctionExists.c
Linking C executable cmTC_4232b
/usr/local/Cellar/cmake/3.7.1/bin/cmake -E cmake_link_script CMakeFiles/cmTC_4232b.dir/link.txt --verbose=1
/Applications/Xcode.app/Contents/Developer/Toolchains/XcodeDefault.xctoolchain/usr/bin/cc   -DCHECK_FUNCTION_EXISTS=gethostbyname -Wl,-search_paths_first -Wl,-headerpad_max_install_names   CMakeFiles/cmTC_4232b.dir/CheckFunctionExists.c.o  -o cmTC_4232b  -L/Users/ghostec/code/film-client/build/CMakeFiles/CMakeTmp/nsl.h -Wl,-rpath,/Users/ghostec/code/film-client/build/CMakeFiles/CMakeTmp/nsl.h -lnsl 
ld: warning: directory not found for option '-L/Users/ghostec/code/film-client/build/CMakeFiles/CMakeTmp/nsl.h'
ld: library not found for -lnsl
clang: error: linker command failed with exit code 1 (use -v to see invocation)
make[1]: *** [cmTC_4232b] Error 1
make: *** [cmTC_4232b/fast] Error 2


Determining if the function perfstat_cpu exists in the perfstat failed with the following output:
Change Dir: /Users/ghostec/code/film-client/build/CMakeFiles/CMakeTmp

Run Build Command:"/usr/bin/make" "cmTC_31308/fast"
/Applications/Xcode.app/Contents/Developer/usr/bin/make -f CMakeFiles/cmTC_31308.dir/build.make CMakeFiles/cmTC_31308.dir/build
Building C object CMakeFiles/cmTC_31308.dir/CheckFunctionExists.c.o
/Applications/Xcode.app/Contents/Developer/Toolchains/XcodeDefault.xctoolchain/usr/bin/cc    -DCHECK_FUNCTION_EXISTS=perfstat_cpu   -o CMakeFiles/cmTC_31308.dir/CheckFunctionExists.c.o   -c /usr/local/Cellar/cmake/3.7.1/share/cmake/Modules/CheckFunctionExists.c
Linking C executable cmTC_31308
/usr/local/Cellar/cmake/3.7.1/bin/cmake -E cmake_link_script CMakeFiles/cmTC_31308.dir/link.txt --verbose=1
/Applications/Xcode.app/Contents/Developer/Toolchains/XcodeDefault.xctoolchain/usr/bin/cc   -DCHECK_FUNCTION_EXISTS=perfstat_cpu -Wl,-search_paths_first -Wl,-headerpad_max_install_names   CMakeFiles/cmTC_31308.dir/CheckFunctionExists.c.o  -o cmTC_31308  -L/Users/ghostec/code/film-client/build/CMakeFiles/CMakeTmp/libperfstat.h -Wl,-rpath,/Users/ghostec/code/film-client/build/CMakeFiles/CMakeTmp/libperfstat.h -lperfstat 
ld: warning: directory not found for option '-L/Users/ghostec/code/film-client/build/CMakeFiles/CMakeTmp/libperfstat.h'
ld: library not found for -lperfstat
clang: error: linker command failed with exit code 1 (use -v to see invocation)
make[1]: *** [cmTC_31308] Error 1
make: *** [cmTC_31308/fast] Error 2


Determining if the function clock_gettime exists in the rt failed with the following output:
Change Dir: /Users/ghostec/code/film-client/build/CMakeFiles/CMakeTmp

Run Build Command:"/usr/bin/make" "cmTC_7fb0e/fast"
/Applications/Xcode.app/Contents/Developer/usr/bin/make -f CMakeFiles/cmTC_7fb0e.dir/build.make CMakeFiles/cmTC_7fb0e.dir/build
Building C object CMakeFiles/cmTC_7fb0e.dir/CheckFunctionExists.c.o
/Applications/Xcode.app/Contents/Developer/Toolchains/XcodeDefault.xctoolchain/usr/bin/cc    -DCHECK_FUNCTION_EXISTS=clock_gettime   -o CMakeFiles/cmTC_7fb0e.dir/CheckFunctionExists.c.o   -c /usr/local/Cellar/cmake/3.7.1/share/cmake/Modules/CheckFunctionExists.c
Linking C executable cmTC_7fb0e
/usr/local/Cellar/cmake/3.7.1/bin/cmake -E cmake_link_script CMakeFiles/cmTC_7fb0e.dir/link.txt --verbose=1
/Applications/Xcode.app/Contents/Developer/Toolchains/XcodeDefault.xctoolchain/usr/bin/cc   -DCHECK_FUNCTION_EXISTS=clock_gettime -Wl,-search_paths_first -Wl,-headerpad_max_install_names   CMakeFiles/cmTC_7fb0e.dir/CheckFunctionExists.c.o  -o cmTC_7fb0e  -L/Users/ghostec/code/film-client/build/CMakeFiles/CMakeTmp/time.h -Wl,-rpath,/Users/ghostec/code/film-client/build/CMakeFiles/CMakeTmp/time.h -lrt 
ld: warning: directory not found for option '-L/Users/ghostec/code/film-client/build/CMakeFiles/CMakeTmp/time.h'
ld: library not found for -lrt
clang: error: linker command failed with exit code 1 (use -v to see invocation)
make[1]: *** [cmTC_7fb0e] Error 1
make: *** [cmTC_7fb0e/fast] Error 2


Determining if the function sendfile exists in the sendfile failed with the following output:
Change Dir: /Users/ghostec/code/film-client/build/CMakeFiles/CMakeTmp

Run Build Command:"/usr/bin/make" "cmTC_a35ff/fast"
/Applications/Xcode.app/Contents/Developer/usr/bin/make -f CMakeFiles/cmTC_a35ff.dir/build.make CMakeFiles/cmTC_a35ff.dir/build
Building C object CMakeFiles/cmTC_a35ff.dir/CheckFunctionExists.c.o
/Applications/Xcode.app/Contents/Developer/Toolchains/XcodeDefault.xctoolchain/usr/bin/cc    -DCHECK_FUNCTION_EXISTS=sendfile   -o CMakeFiles/cmTC_a35ff.dir/CheckFunctionExists.c.o   -c /usr/local/Cellar/cmake/3.7.1/share/cmake/Modules/CheckFunctionExists.c
Linking C executable cmTC_a35ff
/usr/local/Cellar/cmake/3.7.1/bin/cmake -E cmake_link_script CMakeFiles/cmTC_a35ff.dir/link.txt --verbose=1
/Applications/Xcode.app/Contents/Developer/Toolchains/XcodeDefault.xctoolchain/usr/bin/cc   -DCHECK_FUNCTION_EXISTS=sendfile -Wl,-search_paths_first -Wl,-headerpad_max_install_names   CMakeFiles/cmTC_a35ff.dir/CheckFunctionExists.c.o  -o cmTC_a35ff -lsendfile 
ld: library not found for -lsendfile
clang: error: linker command failed with exit code 1 (use -v to see invocation)
make[1]: *** [cmTC_a35ff] Error 1
make: *** [cmTC_a35ff/fast] Error 2


